Executing CWB script file peterson-2.cws, directing output to peterson-2.cws.out.
August 16, 1996   10:32
Execution time (user,system,gc,real):(0.000,0.010,0.000,0.060)
cwb-nc> load peterson-2.lotos
Execution time (user,system,gc,real):(0.130,0.050,0.000,0.252)
cwb-nc> load peterson-2.mu
Execution time (user,system,gc,real):(0.020,0.000,0.000,0.020)
cwb-nc> eq Spec[enter_cs,exit_cs] Peterson_2[enter_cs,exit_cs,enter_cs,exit_cs]
Building automaton...
..
States: 229
Transitions: 466
Done building automaton.
Transforming automaton...
Done transforming automaton.
TRUE
Execution time (user,system,gc,real):(2.960,0.120,0.060,9.469)
cwb-nc> chk process(Peterson_2) can_deadlock
Invoking alternation-free model checker.
Building automaton...
..
States: 225
Transitions: 462
Done building automaton.
FALSE, the agent does not satisfy the formula.
Execution time (user,system,gc,real):(1.260,0.020,0.020,6.450)
cwb-nc> chk process(Peterson_2) mutual_exclusion_violation
Invoking alternation-free model checker.
Building automaton...
..
States: 225
Transitions: 462
Done building automaton.
FALSE, the agent does not satisfy the formula.
Execution time (user,system,gc,real):(1.050,0.010,0.000,5.229)
cwb-nc> 